<?xml version="1.0" encoding="UTF-8"?>
<testng-results ignored="0" total="4" passed="3" failed="1" skipped="0">
  <reporter-output>
  </reporter-output>
  <suite started-at="2023-07-16T14:31:42 IST" name="Suite" finished-at="2023-07-16T14:32:02 IST" duration-ms="20034">
    <groups>
    </groups>
    <test started-at="2023-07-16T14:31:42 IST" name="Test" finished-at="2023-07-16T14:32:02 IST" duration-ms="20034">
      <class name="ltim.practise2.BaseTest">
        <test-method is-config="true" signature="launchURL()[pri:0, instance:ltim.practise2.BaseTest@4c12331b]" started-at="2023-07-16T14:31:27 IST" name="launchURL" finished-at="2023-07-16T14:31:42 IST" duration-ms="15489" status="PASS">
          <reporter-output>
          </reporter-output>
        </test-method> <!-- launchURL -->
        <test-method is-config="true" signature="afterSuite()[pri:0, instance:ltim.practise2.BaseTest@4c12331b]" started-at="2023-07-16T14:32:03 IST" name="afterSuite" finished-at="2023-07-16T14:32:07 IST" duration-ms="4617" status="PASS">
          <reporter-output>
          </reporter-output>
        </test-method> <!-- afterSuite -->
      </class> <!-- ltim.practise2.BaseTest -->
      <class name="ltim.practise2.TestApp">
        <test-method signature="isSiteLoaded()[pri:0, instance:ltim.practise2.TestApp@6f03482]" started-at="2023-07-16T14:31:42 IST" name="isSiteLoaded" finished-at="2023-07-16T14:31:42 IST" duration-ms="90" status="PASS">
          <reporter-output>
          </reporter-output>
        </test-method> <!-- isSiteLoaded -->
        <test-method signature="searchProcuct()[pri:1, instance:ltim.practise2.TestApp@6f03482]" started-at="2023-07-16T14:31:42 IST" name="searchProcuct" finished-at="2023-07-16T14:31:51 IST" duration-ms="9214" status="PASS">
          <reporter-output>
          </reporter-output>
        </test-method> <!-- searchProcuct -->
        <test-method signature="listOfIhones()[pri:2, instance:ltim.practise2.TestApp@6f03482]" started-at="2023-07-16T14:31:51 IST" name="listOfIhones" finished-at="2023-07-16T14:32:01 IST" duration-ms="9999" status="PASS">
          <reporter-output>
          </reporter-output>
        </test-method> <!-- listOfIhones -->
        <test-method signature="isInStock()[pri:3, instance:ltim.practise2.TestApp@6f03482]" started-at="2023-07-16T14:32:01 IST" name="isInStock" finished-at="2023-07-16T14:32:02 IST" duration-ms="335" status="FAIL">
          <exception class="java.lang.AssertionError">
            <message>
              <![CDATA[expected [false] but found [true]]]>
            </message>
            <full-stacktrace>
              <![CDATA[java.lang.AssertionError: expected [false] but found [true]
at org.testng.Assert.fail(Assert.java:111)
at org.testng.Assert.failNotEquals(Assert.java:1578)
at org.testng.Assert.assertFalse(Assert.java:79)
at org.testng.Assert.assertFalse(Assert.java:89)
at ltim.practise2.TestApp.isInStock(TestApp.java:62)
at java.base/jdk.internal.reflect.NativeMethodAccessorImpl.invoke0(Native Method)
at java.base/jdk.internal.reflect.NativeMethodAccessorImpl.invoke(NativeMethodAccessorImpl.java:77)
at java.base/jdk.internal.reflect.DelegatingMethodAccessorImpl.invoke(DelegatingMethodAccessorImpl.java:43)
at java.base/java.lang.reflect.Method.invoke(Method.java:568)
at org.testng.internal.invokers.MethodInvocationHelper.invokeMethod(MethodInvocationHelper.java:139)
at org.testng.internal.invokers.TestInvoker.invokeMethod(TestInvoker.java:664)
at org.testng.internal.invokers.TestInvoker.invokeTestMethod(TestInvoker.java:227)
at org.testng.internal.invokers.MethodRunner.runInSequence(MethodRunner.java:50)
at org.testng.internal.invokers.TestInvoker$MethodInvocationAgent.invoke(TestInvoker.java:957)
at org.testng.internal.invokers.TestInvoker.invokeTestMethods(TestInvoker.java:200)
at org.testng.internal.invokers.TestMethodWorker.invokeTestMethods(TestMethodWorker.java:148)
at org.testng.internal.invokers.TestMethodWorker.run(TestMethodWorker.java:128)
at java.base/java.util.ArrayList.forEach(ArrayList.java:1511)
at org.testng.TestRunner.privateRun(TestRunner.java:848)
at org.testng.TestRunner.run(TestRunner.java:621)
at org.testng.SuiteRunner.runTest(SuiteRunner.java:443)
at org.testng.SuiteRunner.runSequentially(SuiteRunner.java:437)
at org.testng.SuiteRunner.privateRun(SuiteRunner.java:397)
at org.testng.SuiteRunner.run(SuiteRunner.java:336)
at org.testng.SuiteRunnerWorker.runSuite(SuiteRunnerWorker.java:52)
at org.testng.SuiteRunnerWorker.run(SuiteRunnerWorker.java:95)
at org.testng.TestNG.runSuitesSequentially(TestNG.java:1280)
at org.testng.TestNG.runSuitesLocally(TestNG.java:1200)
at org.testng.TestNG.runSuites(TestNG.java:1114)
at org.testng.TestNG.run(TestNG.java:1082)
at org.testng.remote.AbstractRemoteTestNG.run(AbstractRemoteTestNG.java:115)
at org.testng.remote.RemoteTestNG.initAndRun(RemoteTestNG.java:251)
at org.testng.remote.RemoteTestNG.main(RemoteTestNG.java:77)
]]>
            </full-stacktrace>
          </exception> <!-- java.lang.AssertionError -->
          <reporter-output>
          </reporter-output>
        </test-method> <!-- isInStock -->
      </class> <!-- ltim.practise2.TestApp -->
    </test> <!-- Test -->
  </suite> <!-- Suite -->
</testng-results>
